[33mwarn[39m:    --minUptime not set. Defaulting to: 1000ms
[33mwarn[39m:    --spinSleepTime not set. Your script will exit if it does not stay up for at least 1000ms
Cyberworld Data API is listening on port 3000...
Connected to database on mongodb://root:first cyberworld battle platform@localhost:27017/battlenetwork?authSource=admin
[0mGET / [33m404 [0m4.796 ms - -[0m
[0mGET /heartbeat [32m200 [0m1.463 ms - 2[0m
[0mGET /v1/login [33m401 [0m1.621 ms - -[0m
[0mGET / [33m404 [0m0.500 ms - 14[0m
[0mGET /v1/login [33m401 [0m20.326 ms - -[0m
[0mGET /v1/login [33m401 [0m4.808 ms - -[0m
[0mGET /v1/login [32m200 [0m68.181 ms - 30[0m
[0mGET /v1/folders [33m401 [0m0.726 ms - -[0m
[0mGET /v1/login [32m200 [0m12.136 ms - 30[0m
[0mGET /v1/folders [32m200 [0m25.235 ms - 11[0m
[0mGET /v1/login [33m401 [0m3.647 ms - -[0m
[0mGET /v1/login [33m401 [0m3.255 ms - -[0m
[0mGET /v1/login [33m401 [0m2.958 ms - -[0m
[0mGET /v1/login [33m401 [0m4.429 ms - -[0m
[0mGET /v1/login [33m401 [0m2.798 ms - -[0m
[0mGET /v1/login [33m401 [0m3.174 ms - -[0m
[0mGET /v1/login [33m401 [0m3.130 ms - -[0m
[0mPOST /v1/users/ [33m401 [0m2.716 ms - -[0m
[0mPOST /v1/users/ [32m200 [0m74.111 ms - 226[0m
[0mGET /v1/login [32m200 [0m12.159 ms - 30[0m
[0mGET /v1/folders [32m200 [0m12.537 ms - 11[0m
[0mGET /v1/cards [32m200 [0m14.885 ms - 4833[0m
[0mPOST /v1/folders [32m200 [0m29.645 ms - 181[0m
[0mGET /v1/folders [32m200 [0m8.886 ms - 11[0m
[0mGET /v1/login [32m200 [0m21.112 ms - 30[0m
[0mGET /v1/folders [32m200 [0m14.961 ms - 11[0m
[0mGET /v1/folders [32m200 [0m2.102 ms - 183[0m
[0mGET /v1/login [32m200 [0m11.504 ms - 30[0m
[0mGET /v1/folders [32m200 [0m11.297 ms - 11[0m
[0mGET /v1/folders [32m200 [0m8.726 ms - 11[0m
[0mGET /v1/login [32m200 [0m14.661 ms - 30[0m
[0mGET /v1/folders [32m200 [0m11.479 ms - 11[0m
[0mGET /v1/folders [32m200 [0m1.990 ms - 183[0m
[0mGET /v1/login [32m200 [0m6.948 ms - 30[0m
[0mGET /v1/folders [32m200 [0m8.249 ms - 11[0m
[0mGET /v1/folders [32m200 [0m2.467 ms - 183[0m
[0mGET /v1/login [32m200 [0m10.512 ms - 30[0m
[0mGET /v1/folders [32m200 [0m9.564 ms - 11[0m
[0mGET /v1/folders [33m401 [0m0.541 ms - -[0m
[0mGET /v1/folders [32m200 [0m8.565 ms - 11[0m
[0mGET /v1/folders [32m200 [0m1.914 ms - 183[0m
[0mGET /v1/login [32m200 [0m0.607 ms - 30[0m
[0mGET /v1/folders [32m200 [0m1.742 ms - 183[0m
[0mGET /v1/logout [32m200 [0m0.781 ms - 31[0m
[0mGET /v1/folders [33m401 [0m0.331 ms - -[0m
[0mGET /v1/folders [32m200 [0m7.064 ms - 11[0m
[0mGET /v1/login [32m200 [0m0.431 ms - 30[0m
[0mGET /v1/folders [32m200 [0m1.810 ms - 11[0m
[0mPOST /v1/folders [32m200 [0m6.674 ms - 181[0m
[0mGET /v1/folders [32m200 [0m1.713 ms - 183[0m
[0mGET /v1/login [32m200 [0m9.154 ms - 30[0m
[0mGET /v1/folders [32m200 [0m10.738 ms - 183[0m
[0mGET /v1/login [32m200 [0m7.326 ms - 30[0m
[0mGET /v1/folders [32m200 [0m10.788 ms - 183[0m
[0mGET /v1/login [32m200 [0m11.647 ms - 30[0m
[0mGET /v1/folders [32m200 [0m10.911 ms - 183[0m
[0mGET /v1/cards/5e00025204648c1e215f3a6b [32m200 [0m38.620 ms - 542[0m
[0mGET /v1/logout [32m200 [0m0.580 ms - 31[0m
[0mGET / [33m404 [0m0.533 ms - 14[0m
[0mGET / [33m404 [0m0.441 ms - 14[0m
[0mGET / [33m404 [0m0.497 ms - 14[0m
[0mGET / [33m404 [0m0.608 ms - 14[0m
[0mGET / [33m404 [0m0.390 ms - 14[0m
[0mGET / [33m404 [0m0.588 ms - 14[0m
[0mGET / [33m404 [0m0.785 ms - 14[0m
[0mGET / [33m404 [0m0.582 ms - 14[0m
[0mGET / [33m404 [0m0.590 ms - 14[0m
[0mGET / [33m404 [0m0.696 ms - 14[0m
[0mGET /heartbeat [32m200 [0m2.381 ms - 2[0m
[0mGET / [33m404 [0m0.512 ms - 14[0m
[0mGET / [33m404 [0m0.355 ms - 14[0m
[0mGET / [33m404 [0m0.524 ms - 14[0m
[0mGET / [33m404 [0m0.549 ms - 14[0m
[0mGET / [33m404 [0m0.582 ms - 14[0m
[0mGET / [33m404 [0m0.393 ms - 14[0m
[0mGET / [33m404 [0m0.549 ms - 14[0m
[0mGET /heartbeat [32m200 [0m8.056 ms - 2[0m
[0mGET / [33m404 [0m0.601 ms - 14[0m
[0mGET / [33m404 [0m0.569 ms - 14[0m
[0mGET / [33m404 [0m0.611 ms - 14[0m
[0mGET / [33m404 [0m0.435 ms - 14[0m
[0mGET /heartbeat [32m200 [0m0.553 ms - 2[0m
[0mGET /heartbeat [32m200 [0m0.500 ms - 2[0m
[0mGET /favicon.ico [33m404 [0m0.422 ms - 14[0m
[0mGET /heartbeat [36m304 [0m3.236 ms - -[0m
[0mGET /heartbeat [36m304 [0m0.472 ms - -[0m
[0mGET /heartbeat [36m304 [0m0.379 ms - -[0m
[0mGET /heartbeat [36m304 [0m4.311 ms - -[0m
[0mGET /heartbeat [36m304 [0m0.559 ms - -[0m
[0mGET /heartbeat [36m304 [0m3.094 ms - -[0m
[0mGET /heartbeat [36m304 [0m0.464 ms - -[0m
[0mGET /heartbeat [36m304 [0m0.394 ms - -[0m
[0mGET /heartbeat [36m304 [0m0.450 ms - -[0m
[0mGET /v1/folders [33m401 [0m0.440 ms - -[0m
[0mGET /v1/folders [33m401 [0m0.307 ms - -[0m
[0mGET /v1/folders [33m401 [0m0.317 ms - -[0m
[0mGET /v1/folders [33m401 [0m0.262 ms - -[0m
[0mGET /v1/folders [33m401 [0m0.453 ms - -[0m
[0mGET /v1/folders [33m401 [0m0.741 ms - -[0m
[0mGET /v1/folders [33m401 [0m0.299 ms - -[0m
[0mGET /v1/folders [33m401 [0m0.320 ms - -[0m
[0mGET /v1/folders [33m401 [0m0.271 ms - -[0m
[0mGET /v1/login [32m200 [0m18.131 ms - 30[0m
[0mGET /v1/folders [33m401 [0m0.273 ms - -[0m
[0mGET /v1/login [36m304 [0m8.025 ms - -[0m
[0mGET /v1/folders [33m401 [0m0.304 ms - -[0m
[0mGET /v1/login [36m304 [0m10.002 ms - -[0m
[0mGET /v1/folders [33m401 [0m0.376 ms - -[0m
[0mGET /v1/login [36m304 [0m8.802 ms - -[0m
[0mGET /v1/folders [33m401 [0m2.556 ms - -[0m
[0mGET /v1/login [36m304 [0m10.618 ms - -[0m
[0mGET /v1/folders [33m401 [0m0.293 ms - -[0m
[0mGET /v1/login [36m304 [0m10.026 ms - -[0m
[0mGET /v1/folders [33m401 [0m0.301 ms - -[0m
[0mGET /v1/login [36m304 [0m13.325 ms - -[0m
[0mGET /v1/folders [33m401 [0m0.278 ms - -[0m
[0mGET /v1/login [36m304 [0m9.586 ms - -[0m
[0mGET /v1/folders [33m401 [0m0.504 ms - -[0m
[0mGET /v1/login [36m304 [0m7.632 ms - -[0m
[0mGET /v1/folders [33m401 [0m0.344 ms - -[0m
[0mGET /v1/folders [32m200 [0m73.850 ms - 11[0m
[0mGET /v1/folders [36m304 [0m11.870 ms - -[0m
[0mGET /v1/folders [36m304 [0m16.489 ms - -[0m
[0mGET /v1/folders [36m304 [0m11.531 ms - -[0m
[0mGET /v1/folders [36m304 [0m11.728 ms - -[0m
[0mGET /v1/folders [36m304 [0m11.698 ms - -[0m
[0mGET /v1/folders [36m304 [0m10.987 ms - -[0m
[0mGET /v1/folders [36m304 [0m10.342 ms - -[0m
[0mGET /v1/folders [36m304 [0m10.219 ms - -[0m
[0mGET /v1/login [36m304 [0m9.194 ms - -[0m
[0mGET /v1/login [36m304 [0m12.878 ms - -[0m
[0mGET /v1/login [36m304 [0m11.237 ms - -[0m
[0mGET /v1/login [36m304 [0m8.410 ms - -[0m
[0mGET /v1/login [36m304 [0m10.687 ms - -[0m
[0mGET /v1/login [36m304 [0m8.953 ms - -[0m
[0mGET /v1/login [36m304 [0m8.819 ms - -[0m
[0mGET /v1/folders [36m304 [0m11.735 ms - -[0m
[0mGET /v1/folders [36m304 [0m9.363 ms - -[0m
[0mGET /v1/folders [36m304 [0m8.877 ms - -[0m
[0mGET /v1/public-folders [32m200 [0m19.250 ms - 11[0m
[0mGET /v1/public-folders [36m304 [0m11.187 ms - -[0m
[0mGET /v1/public-folders [33m401 [0m0.483 ms - -[0m
[0mGET /v1/public-folders [33m401 [0m0.434 ms - -[0m
[0mGET /v1/public-folders [33m401 [0m0.374 ms - -[0m
[0mGET /v1/public-folders [33m401 [0m0.351 ms - -[0m
[0mGET /v1/public-folders [33m401 [0m0.337 ms - -[0m
[0mGET /v1/public-folders [33m401 [0m0.503 ms - -[0m
[0mGET /v1/public-folders [32m200 [0m10.604 ms - 11[0m
[0mGET /v1/public-folders [36m304 [0m10.119 ms - -[0m
[0mGET /v1/public-folders [36m304 [0m12.208 ms - -[0m
[0mGET /v1/public-folders [36m304 [0m11.810 ms - -[0m
[0mGET /v1/cards [32m200 [0m28.970 ms - 4833[0m
[0mGET /v1/cards [36m304 [0m21.140 ms - -[0m
[0mGET /v1/cards [36m304 [0m23.697 ms - -[0m
[0mGET /v1/cards [36m304 [0m28.103 ms - -[0m
[0mGET / [33m404 [0m1.085 ms - 14[0m
[0mGET / [33m404 [0m0.702 ms - 14[0m
[0mGET / [33m404 [0m0.640 ms - 14[0m
[0mGET / [33m404 [0m0.477 ms - 14[0m
[0mGET / [33m404 [0m0.654 ms - 14[0m
[0mGET / [33m404 [0m0.547 ms - 14[0m
[0mGET / [33m404 [0m0.442 ms - 14[0m
[0mGET / [33m404 [0m0.421 ms - 14[0m
[0mGET /v1/cards [32m200 [0m28.891 ms - 4833[0m
[0mGET /v1/cards [36m304 [0m56.234 ms - -[0m
[0mGET /v1/cards [36m304 [0m18.083 ms - -[0m
[0mGET /v1/cards [36m304 [0m34.804 ms - -[0m
[0mGET /v1/cards [36m304 [0m14.657 ms - -[0m
[0mGET /v1/cards [36m304 [0m33.480 ms - -[0m
[0mGET /v1/cards [36m304 [0m18.301 ms - -[0m
[0mGET /v1/cards [36m304 [0m24.674 ms - -[0m
[0mGET /v1/cards [36m304 [0m17.537 ms - -[0m
[0mGET /v1/cards [36m304 [0m23.359 ms - -[0m
[0mGET /v1/cards [36m304 [0m28.296 ms - -[0m
[0mGET /v1/cards [36m304 [0m16.477 ms - -[0m
[0mGET /v1/cards [36m304 [0m20.641 ms - -[0m
[0mGET /v1/cards [36m304 [0m16.653 ms - -[0m
[0mGET /v1/cards [36m304 [0m25.909 ms - -[0m
[0mGET /v1/cards [36m304 [0m18.514 ms - -[0m
[0mGET /v1/cards [36m304 [0m15.058 ms - -[0m
[0mGET /v1/cards [36m304 [0m16.487 ms - -[0m
[0mGET /v1/cards [36m304 [0m22.760 ms - -[0m
[0mGET /v1/cards [36m304 [0m23.406 ms - -[0m
[0mGET /v1/cards [36m304 [0m32.849 ms - -[0m
[0mGET /v1/cards [36m304 [0m20.423 ms - -[0m
[0mGET /v1/cards [36m304 [0m21.995 ms - -[0m
[0mGET /v1/cards [36m304 [0m18.241 ms - -[0m
[0mGET /v1/cards [36m304 [0m16.505 ms - -[0m
[0mGET /v1/cards [36m304 [0m17.189 ms - -[0m
[0mGET /v1/cards [36m304 [0m21.325 ms - -[0m
[0mGET /v1/cards [36m304 [0m18.890 ms - -[0m
[0mGET /v1/cards [36m304 [0m19.386 ms - -[0m
[0mGET /v1/cards [36m304 [0m19.947 ms - -[0m
[0mGET / [33m404 [0m0.534 ms - 14[0m
[0mGET /v1/cards [36m304 [0m16.893 ms - -[0m
[0mGET /v1/cards [36m304 [0m19.536 ms - -[0m
[0mGET /v1/cards [36m304 [0m19.419 ms - -[0m
[0mGET /v1/cards [36m304 [0m16.173 ms - -[0m
[0mGET /v1/cards [36m304 [0m14.991 ms - -[0m
[0mGET /v1/cards [36m304 [0m17.427 ms - -[0m
[0mGET /v1/cards [36m304 [0m16.040 ms - -[0m
[0mGET /v1/cards [36m304 [0m16.814 ms - -[0m
[0mGET /v1/cards [36m304 [0m18.774 ms - -[0m
[0mGET /v1/cards [36m304 [0m16.774 ms - -[0m
[0mGET /v1/cards [36m304 [0m15.561 ms - -[0m
[0mGET /v1/cards [36m304 [0m17.812 ms - -[0m
[0mGET /v1/cards [36m304 [0m26.679 ms - -[0m
[0mGET /v1/cards [36m304 [0m15.948 ms - -[0m
[0mGET / [33m404 [0m0.758 ms - 14[0m
[0mGET / [33m404 [0m0.450 ms - 14[0m
[0mGET / [33m404 [0m0.648 ms - 14[0m
[0mGET / [33m404 [0m0.778 ms - 14[0m
[0mGET / [33m404 [0m0.438 ms - 14[0m
[0mGET /favicon.ico [33m404 [0m0.530 ms - 14[0m
[0mGET / [33m404 [0m0.390 ms - 14[0m
[0mGET / [33m404 [0m0.675 ms - 14[0m
[0mGET / [33m404 [0m0.776 ms - 14[0m
[0mGET / [33m404 [0m0.394 ms - 14[0m
[0mGET / [33m404 [0m6.258 ms - 14[0m
[0mGET / [33m404 [0m3.199 ms - 14[0m
[0mGET / [33m404 [0m3.955 ms - 14[0m
[0mGET / [33m404 [0m0.426 ms - 14[0m
[0mGET / [33m404 [0m0.505 ms - 14[0m
[0mGET / [33m404 [0m0.480 ms - 14[0m
[0mGET / [33m404 [0m0.593 ms - 14[0m
[0mGET / [33m404 [0m0.646 ms - 14[0m
[0mGET / [33m404 [0m0.646 ms - 14[0m
[0mGET / [33m404 [0m0.504 ms - 14[0m
[0mGET / [33m404 [0m0.594 ms - 14[0m
[0mGET / [33m404 [0m0.679 ms - 14[0m
[0mGET / [33m404 [0m0.543 ms - 14[0m
[0mGET / [33m404 [0m0.673 ms - 14[0m
[0mGET / [33m404 [0m0.415 ms - 14[0m
[0mGET / [33m404 [0m0.545 ms - 14[0m
[0mGET /v1/login [33m401 [0m31.093 ms - -[0m
[0mGET / [33m404 [0m0.565 ms - 14[0m
[0mGET /heartbeat [32m200 [0m6.167 ms - 2[0m
[0mGET /favicon.ico [33m404 [0m0.417 ms - 14[0m
[0mGET /heartbeat [32m200 [0m2.497 ms - 2[0m
[0mGET /heartbeat [32m200 [0m0.522 ms - 2[0m
[0mGET /heartbeat [32m200 [0m0.502 ms - 2[0m
[0mGET /heartbeat [32m200 [0m0.441 ms - 2[0m
[0mGET /heartbeat [32m200 [0m0.392 ms - 2[0m
[0mGET /heartbeat [32m200 [0m0.389 ms - 2[0m
[0mGET /heartbeat [32m200 [0m0.393 ms - 2[0m
[0mGET /heartbeat [32m200 [0m0.463 ms - 2[0m
[0mGET /v1/login [32m200 [0m29.073 ms - 30[0m
[0mGET /heartbeat [32m200 [0m0.519 ms - 2[0m
[0mGET /heartbeat [32m200 [0m0.390 ms - 2[0m
[0mGET /heartbeat [32m200 [0m0.390 ms - 2[0m
[0mGET /heartbeat [32m200 [0m0.428 ms - 2[0m
[0mGET /heartbeat [32m200 [0m0.402 ms - 2[0m
[0mGET /heartbeat [32m200 [0m0.543 ms - 2[0m
[0mGET /heartbeat [32m200 [0m0.563 ms - 2[0m
[0mGET /heartbeat [32m200 [0m0.474 ms - 2[0m
[0mGET /heartbeat [32m200 [0m0.437 ms - 2[0m
[0mGET /heartbeat [32m200 [0m0.387 ms - 2[0m
[0mGET /v1/login [33m401 [0m2.821 ms - -[0m
[0mGET /heartbeat [32m200 [0m0.447 ms - 2[0m
[0mGET /heartbeat [32m200 [0m0.521 ms - 2[0m
[0mGET /heartbeat [32m200 [0m0.507 ms - 2[0m
[0mGET /heartbeat [32m200 [0m0.432 ms - 2[0m
[0mGET /heartbeat [32m200 [0m0.605 ms - 2[0m
[0mGET /heartbeat [32m200 [0m0.494 ms - 2[0m
[0mGET /heartbeat [32m200 [0m0.390 ms - 2[0m
[0mGET /heartbeat [32m200 [0m0.485 ms - 2[0m
[0mGET /heartbeat [32m200 [0m0.476 ms - 2[0m
[0mGET /heartbeat [32m200 [0m0.420 ms - 2[0m
[0mGET /heartbeat [32m200 [0m0.389 ms - 2[0m
[0mGET /heartbeat [32m200 [0m0.362 ms - 2[0m
[0mGET /heartbeat [32m200 [0m0.396 ms - 2[0m
[0mGET /v1/login [33m401 [0m8.698 ms - -[0m
[0mGET /heartbeat [32m200 [0m0.337 ms - 2[0m
[0mGET /v1/logout [32m200 [0m0.577 ms - 31[0m
[0mGET /heartbeat [32m200 [0m2.260 ms - 2[0m
[0mGET /heartbeat [32m200 [0m0.615 ms - 2[0m
[0mGET /heartbeat [32m200 [0m0.489 ms - 2[0m
[0mGET /heartbeat [32m200 [0m0.443 ms - 2[0m
[0mGET /heartbeat [32m200 [0m0.489 ms - 2[0m
[0mGET /heartbeat [32m200 [0m0.431 ms - 2[0m
[0mGET /v1/logout [32m200 [0m0.445 ms - 31[0m
[0mGET / [33m404 [0m0.569 ms - 14[0m
[0mGET /heartbeat [32m200 [0m0.418 ms - 2[0m
[0mGET /heartbeat [32m200 [0m0.370 ms - 2[0m
[0mGET /v1/login [32m200 [0m13.581 ms - 30[0m
[0mGET /heartbeat [32m200 [0m0.426 ms - 2[0m
[0mGET /heartbeat [32m200 [0m0.428 ms - 2[0m
[0mGET /heartbeat [32m200 [0m0.426 ms - 2[0m
[0mGET /v1/login [32m200 [0m11.692 ms - 30[0m
[0mGET /heartbeat [32m200 [0m0.327 ms - 2[0m
[0mGET /heartbeat [32m200 [0m0.528 ms - 2[0m
[0mGET /v1/logout [32m200 [0m0.450 ms - 31[0m
[0mGET /heartbeat [32m200 [0m0.603 ms - 2[0m
[0mGET /heartbeat [32m200 [0m0.387 ms - 2[0m
[0mGET /v1/login [32m200 [0m10.383 ms - 30[0m
[0mGET /v1/folders [32m200 [0m14.214 ms - 11[0m
[0mGET /heartbeat [32m200 [0m0.393 ms - 2[0m
[0mGET /heartbeat [32m200 [0m0.468 ms - 2[0m
[0mGET /v1/logout [32m200 [0m4.489 ms - 31[0m
[0mGET /heartbeat [32m200 [0m0.396 ms - 2[0m
[0mGET /heartbeat [32m200 [0m0.401 ms - 2[0m
[0mGET /v1/login [32m200 [0m11.224 ms - 30[0m
[0mGET /v1/folders [32m200 [0m11.479 ms - 11[0m
[0mGET /heartbeat [32m200 [0m0.559 ms - 2[0m
[0mGET /heartbeat [32m200 [0m0.602 ms - 2[0m
[0mGET /v1/logout [32m200 [0m0.482 ms - 31[0m
[0mGET /heartbeat [32m200 [0m0.338 ms - 2[0m
[0mGET /heartbeat [32m200 [0m0.400 ms - 2[0m
[0mGET /v1/login [32m200 [0m7.858 ms - 30[0m
[0mGET /v1/folders [32m200 [0m14.525 ms - 183[0m
[0mGET /v1/cards/5e00025204648c1e215f3a6b [32m200 [0m13.903 ms - 542[0m
[0mGET /v1/cards/byModelID/ [31m500 [0m35.312 ms - 219[0m
[0mGET /heartbeat [32m200 [0m0.604 ms - 2[0m
[0mGET /heartbeat [32m200 [0m0.403 ms - 2[0m
[0mGET /v1/logout [32m200 [0m0.774 ms - 31[0m
[0mGET /heartbeat [32m200 [0m0.462 ms - 2[0m
[0mGET /heartbeat [32m200 [0m0.305 ms - 2[0m
[0mGET /v1/login [32m200 [0m10.243 ms - 30[0m
[0mGET /v1/folders [32m200 [0m9.785 ms - 183[0m
[0mGET /v1/cards/5e00025204648c1e215f3a6b [32m200 [0m13.630 ms - 542[0m
[0mGET /heartbeat [32m200 [0m0.408 ms - 2[0m
[0mGET /v1/logout [32m200 [0m0.649 ms - 31[0m
[0mGET /heartbeat [32m200 [0m0.562 ms - 2[0m
[0mGET /heartbeat [32m200 [0m0.353 ms - 2[0m
[0mGET /v1/login [32m200 [0m7.616 ms - 30[0m
[0mGET /v1/folders [32m200 [0m8.760 ms - 183[0m
[0mGET /v1/cards/5e00025204648c1e215f3a6b [32m200 [0m19.493 ms - 542[0m
[0mGET /v1/cards/byModelID/ [31m500 [0m10.008 ms - 219[0m
[0mGET /heartbeat [32m200 [0m0.360 ms - 2[0m
[0mGET /v1/logout [32m200 [0m0.670 ms - 31[0m
[0mGET /heartbeat [32m200 [0m0.452 ms - 2[0m
[0mGET /heartbeat [32m200 [0m0.399 ms - 2[0m
[0mGET /v1/login [32m200 [0m7.671 ms - 30[0m
[0mGET /v1/folders [32m200 [0m28.429 ms - 183[0m
[0mGET /v1/cards/5e00025204648c1e215f3a6b [32m200 [0m12.080 ms - 542[0m
[0mGET /heartbeat [32m200 [0m0.409 ms - 2[0m
[0mGET /v1/logout [32m200 [0m0.617 ms - 31[0m
[0mGET /heartbeat [32m200 [0m0.454 ms - 2[0m
[0mGET /heartbeat [32m200 [0m0.406 ms - 2[0m
[0mGET /v1/login [32m200 [0m10.315 ms - 30[0m
[0mGET /v1/folders [32m200 [0m21.090 ms - 183[0m
[0mGET /v1/cards/5e00025204648c1e215f3a6b [32m200 [0m12.465 ms - 542[0m
[0mGET /heartbeat [32m200 [0m0.562 ms - 2[0m
[0mGET /heartbeat [32m200 [0m0.411 ms - 2[0m
[0mGET /v1/logout [32m200 [0m0.394 ms - 31[0m
[0mGET /heartbeat [32m200 [0m0.467 ms - 2[0m
[0mGET /heartbeat [32m200 [0m0.346 ms - 2[0m
[0mGET /v1/login [32m200 [0m7.033 ms - 30[0m
[0mGET /v1/folders [32m200 [0m11.939 ms - 183[0m
[0mGET /v1/cards/5e00025204648c1e215f3a6b [32m200 [0m14.718 ms - 542[0m
[0mGET /heartbeat [32m200 [0m0.457 ms - 2[0m
[0mGET /heartbeat [32m200 [0m0.376 ms - 2[0m
[0mGET /heartbeat [32m200 [0m0.605 ms - 2[0m
[0mGET /v1/login [32m200 [0m9.852 ms - 30[0m
[0mGET /v1/folders [32m200 [0m10.347 ms - 183[0m
[0mGET /v1/cards/5e00025204648c1e215f3a6b [32m200 [0m11.962 ms - 542[0m
[0mGET /heartbeat [32m200 [0m0.495 ms - 2[0m
[0mGET /heartbeat [32m200 [0m0.636 ms - 2[0m
[0mGET /v1/login [32m200 [0m10.363 ms - 30[0m
[0mGET /v1/folders [32m200 [0m28.546 ms - 183[0m
[0mGET /v1/cards/5e00025204648c1e215f3a6b [32m200 [0m11.951 ms - 542[0m
[0mGET /heartbeat [32m200 [0m0.346 ms - 2[0m
[0mGET /heartbeat [32m200 [0m0.468 ms - 2[0m
[0mGET /v1/login [32m200 [0m10.291 ms - 30[0m
[0mGET /v1/folders [32m200 [0m11.438 ms - 183[0m
[0mGET /v1/cards/5e00025204648c1e215f3a6b [32m200 [0m10.131 ms - 542[0m
[0mGET /v1/cards/byModelID/5e00025204648c1e215f3a6a [33m404 [0m4.347 ms - 14[0m
[0mGET /heartbeat [32m200 [0m0.355 ms - 2[0m
[0mGET /heartbeat [32m200 [0m0.402 ms - 2[0m
[0mGET /v1/logout [32m200 [0m0.505 ms - 31[0m
[0mGET /heartbeat [32m200 [0m0.486 ms - 2[0m
[0mGET /heartbeat [32m200 [0m0.438 ms - 2[0m
[0mGET /v1/login [32m200 [0m9.728 ms - 30[0m
[0mGET /v1/folders [32m200 [0m10.267 ms - 183[0m
[0mGET /v1/cards/5e00025204648c1e215f3a6b [32m200 [0m12.985 ms - 542[0m
[0mGET /v1/cards/byModelID/5e00025204648c1e215f3a6a [33m404 [0m0.770 ms - 14[0m
[0mGET /heartbeat [32m200 [0m0.468 ms - 2[0m
[0mGET /heartbeat [32m200 [0m0.455 ms - 2[0m
[0mGET /v1/login [32m200 [0m6.750 ms - 30[0m
[0mGET /v1/folders [32m200 [0m9.195 ms - 183[0m
[0mGET /v1/cards/5e00025204648c1e215f3a6b [32m200 [0m13.178 ms - 542[0m
[0mGET /v1/cards/byModelID/5e00025204648c1e215f3a6a [33m404 [0m0.408 ms - 14[0m
[0mGET /heartbeat [32m200 [0m0.442 ms - 2[0m
[0mGET /heartbeat [32m200 [0m0.435 ms - 2[0m
[0mGET /v1/login [32m200 [0m8.689 ms - 30[0m
[0mGET /v1/folders [32m200 [0m9.069 ms - 183[0m
[0mGET /v1/cards/5e00025204648c1e215f3a6b [32m200 [0m11.358 ms - 542[0m
[0mGET /v1/cards/byModelID/5e00025204648c1e215f3a6a [33m404 [0m0.459 ms - 14[0m
[0mGET /heartbeat [32m200 [0m0.417 ms - 2[0m
[0mGET /heartbeat [32m200 [0m0.412 ms - 2[0m
[0mGET /v1/login [32m200 [0m6.140 ms - 30[0m
[0mGET /v1/folders [32m200 [0m10.825 ms - 183[0m
[0mGET /v1/cards/5e00025204648c1e215f3a6b [32m200 [0m12.524 ms - 542[0m
[0mGET /v1/cards/byModelID/5e00025204648c1e215f3a6a [33m404 [0m0.560 ms - 14[0m
[0mGET /v1/cards/byModelID/5e00025204648c1e215f3a6a [33m404 [0m0.583 ms - 14[0m
[0mGET /v1/cards/byModelID/5e00025204648c1e215f3a6a [33m404 [0m0.472 ms - 14[0m
[0mGET /v1/cards/byModelId/5e00025204648c1e215f3a6a [33m404 [0m0.609 ms - 14[0m
[0mGET /v1/cards/byModel/5e00025204648c1e215f3a6a [33m401 [0m2.732 ms - -[0m
[0mGET /v1/cards/byModel/5e00025204648c1e215f3a6a [33m401 [0m2.848 ms - -[0m
[0mGET /heartbeat [32m200 [0m0.403 ms - 2[0m
[0mGET /heartbeat [32m200 [0m0.364 ms - 2[0m
[0mGET /v1/login [32m200 [0m8.647 ms - 30[0m
[0mGET /v1/folders [32m200 [0m8.852 ms - 183[0m
[0mGET /v1/cards/5e00025204648c1e215f3a6b [32m200 [0m12.741 ms - 542[0m
[0mGET /v1/cards/byModel/5e00025204648c1e215f3a6a [32m200 [0m12.925 ms - 374[0m
[0mGET /heartbeat [32m200 [0m0.451 ms - 2[0m
[0mGET /v1/logout [32m200 [0m0.462 ms - 31[0m
[0mGET /heartbeat [32m200 [0m0.446 ms - 2[0m
[0mGET /heartbeat [32m200 [0m0.453 ms - 2[0m
[0mGET /v1/login [33m401 [0m2.920 ms - -[0m
[0mGET /heartbeat [32m200 [0m0.428 ms - 2[0m
[0mGET /v1/login [32m200 [0m11.642 ms - 30[0m
[0mGET /v1/folders [32m200 [0m10.950 ms - 183[0m
[0mGET /v1/cards/5e00025204648c1e215f3a6b [32m200 [0m11.015 ms - 542[0m
[0mGET /v1/card-models/5e00025204648c1e215f3a6a [32m200 [0m10.015 ms - 520[0m
[0mGET https://vignette.wikia.nocookie.net/megaman/images/3/36/BN6Chip001.png [33m404 [0m2.079 ms - 14[0m
[0mGET /heartbeat [32m200 [0m0.513 ms - 2[0m
[0mGET /heartbeat [32m200 [0m0.389 ms - 2[0m
[0mGET /v1/login [32m200 [0m7.558 ms - 30[0m
[0mGET /v1/folders [32m200 [0m9.315 ms - 183[0m
[0mGET /v1/cards/5e00025204648c1e215f3a6b [32m200 [0m12.418 ms - 542[0m
[0mGET /v1/card-models/5e00025204648c1e215f3a6a [32m200 [0m9.143 ms - 520[0m
[0mGET /heartbeat [32m200 [0m0.428 ms - 2[0m
[0mGET /heartbeat [32m200 [0m0.629 ms - 2[0m
[0mGET /v1/login [32m200 [0m12.690 ms - 30[0m
[0mGET /v1/folders [32m200 [0m7.660 ms - 183[0m
[0mGET /v1/cards/5e00025204648c1e215f3a6b [32m200 [0m11.455 ms - 542[0m
[0mGET /v1/card-models/5e00025204648c1e215f3a6a [32m200 [0m13.925 ms - 520[0m
[0mGET https://vignette.wikia.nocookie.net/megaman/images/3/36/BN6Chip001.png [33m404 [0m0.462 ms - 14[0m
[0mGET /heartbeat [32m200 [0m0.416 ms - 2[0m
[0mGET /heartbeat [32m200 [0m0.465 ms - 2[0m
[0mGET /v1/login [32m200 [0m8.419 ms - 30[0m
[0mGET /v1/folders [32m200 [0m9.711 ms - 183[0m
[0mGET /v1/cards/5e00025204648c1e215f3a6b [32m200 [0m10.376 ms - 542[0m
[0mGET /v1/card-models/5e00025204648c1e215f3a6a [32m200 [0m11.286 ms - 520[0m
[0mGET /heartbeat [32m200 [0m0.496 ms - 2[0m
[0mGET /heartbeat [32m200 [0m0.376 ms - 2[0m
[0mGET /v1/login [32m200 [0m9.309 ms - 30[0m
[0mGET /v1/folders [32m200 [0m11.795 ms - 183[0m
[0mGET /v1/cards/5e00025204648c1e215f3a6b [32m200 [0m12.148 ms - 542[0m
[0mGET /v1/card-models/5e00025204648c1e215f3a6a [32m200 [0m9.588 ms - 520[0m
[0mGET https://vignette.wikia.nocookie.net/megaman/images/3/36/BN6Chip001.png [33m404 [0m0.435 ms - 14[0m
[0mGET /heartbeat [32m200 [0m0.410 ms - 2[0m
[0mGET /heartbeat [32m200 [0m0.472 ms - 2[0m
[0mGET /v1/login [32m200 [0m10.742 ms - 30[0m
[0mGET /v1/folders [32m200 [0m12.048 ms - 183[0m
[0mGET /v1/cards/5e00025204648c1e215f3a6b [32m200 [0m11.857 ms - 542[0m
[0mGET /v1/card-models/5e00025204648c1e215f3a6a [32m200 [0m12.064 ms - 520[0m
[0mGET https://vignette.wikia.nocookie.net/megaman/images/3/36/BN6Chip001.png [33m404 [0m0.552 ms - 14[0m
[0mGET /heartbeat [32m200 [0m0.506 ms - 2[0m
[0mGET /heartbeat [32m200 [0m0.450 ms - 2[0m
[0mGET /v1/login [32m200 [0m12.452 ms - 30[0m
[0mGET /v1/folders [32m200 [0m11.570 ms - 183[0m
[0mGET /v1/cards/5e00025204648c1e215f3a6b [32m200 [0m13.185 ms - 542[0m
[0mGET /v1/card-models/5e00025204648c1e215f3a6a [32m200 [0m9.313 ms - 520[0m
[0mGET https://vignette.wikia.nocookie.net/megaman/images/3/36/BN6Chip001.png [33m404 [0m0.395 ms - 14[0m
[0mGET /heartbeat [32m200 [0m0.418 ms - 2[0m
[0mGET /heartbeat [32m200 [0m0.390 ms - 2[0m
[0mGET /v1/login [32m200 [0m7.441 ms - 30[0m
[0mGET /v1/folders [32m200 [0m10.653 ms - 183[0m
[0mGET /v1/cards/5e00025204648c1e215f3a6b [32m200 [0m12.445 ms - 542[0m
[0mGET /v1/card-models/5e00025204648c1e215f3a6a [32m200 [0m13.054 ms - 520[0m
[0mGET https://vignette.wikia.nocookie.net/megaman/images/3/36/BN6Chip001.png [33m404 [0m0.418 ms - 14[0m
[0mGET /heartbeat [32m200 [0m0.688 ms - 2[0m
[0mGET /heartbeat [32m200 [0m0.450 ms - 2[0m
[0mGET /v1/login [32m200 [0m8.054 ms - 30[0m
[0mGET /v1/folders [32m200 [0m12.626 ms - 183[0m
[0mGET /v1/cards/5e00025204648c1e215f3a6b [32m200 [0m21.825 ms - 542[0m
[0mGET /v1/card-models/5e00025204648c1e215f3a6a [32m200 [0m9.784 ms - 520[0m
[0mGET https://vignette.wikia.nocookie.net/megaman/images/3/36/BN6Chip001.png [33m404 [0m0.392 ms - 14[0m
[0mGET /heartbeat [32m200 [0m1.822 ms - 2[0m
[0mGET /heartbeat [32m200 [0m0.416 ms - 2[0m
[0mGET /v1/login [32m200 [0m6.889 ms - 30[0m
[0mGET /v1/folders [32m200 [0m9.085 ms - 183[0m
[0mGET /v1/cards/5e00025204648c1e215f3a6b [32m200 [0m9.190 ms - 542[0m
[0mGET /v1/card-models/5e00025204648c1e215f3a6a [32m200 [0m10.715 ms - 520[0m
[0mGET https://vignette.wikia.nocookie.net/megaman/images/3/36/BN6Chip001.png [33m404 [0m0.711 ms - 14[0m
[0mGET /heartbeat [32m200 [0m0.439 ms - 2[0m
[0mGET /heartbeat [32m200 [0m0.391 ms - 2[0m
[0mGET /v1/login [32m200 [0m9.019 ms - 30[0m
[0mGET /v1/folders [32m200 [0m10.667 ms - 183[0m
[0mGET /v1/cards/5e00025204648c1e215f3a6b [32m200 [0m12.305 ms - 542[0m
[0mGET /v1/card-models/5e00025204648c1e215f3a6a [32m200 [0m9.689 ms - 520[0m
[0mGET https://vignette.wikia.nocookie.net/megaman/images/3/36/BN6Chip001.png [33m404 [0m0.378 ms - 14[0m
[0mGET /heartbeat [32m200 [0m0.446 ms - 2[0m
[0mGET /heartbeat [32m200 [0m0.365 ms - 2[0m
[0mGET /v1/login [32m200 [0m7.461 ms - 30[0m
[0mGET /v1/folders [32m200 [0m10.410 ms - 183[0m
[0mGET /v1/cards/5e00025204648c1e215f3a6b [32m200 [0m10.438 ms - 542[0m
[0mGET /v1/card-models/5e00025204648c1e215f3a6a [32m200 [0m14.213 ms - 520[0m
[0mGET https://vignette.wikia.nocookie.net/megaman/images/3/36/BN6Chip001.png [33m404 [0m0.534 ms - 14[0m
[0mGET /heartbeat [32m200 [0m0.468 ms - 2[0m
[0mGET /heartbeat [32m200 [0m0.351 ms - 2[0m
[0mGET /v1/login [32m200 [0m7.067 ms - 30[0m
[0mGET /v1/folders [32m200 [0m8.497 ms - 183[0m
[0mGET /v1/cards/5e00025204648c1e215f3a6b [32m200 [0m14.628 ms - 542[0m
[0mGET /v1/card-models/5e00025204648c1e215f3a6a [32m200 [0m10.972 ms - 520[0m
[0mGET https://vignette.wikia.nocookie.net/megaman/images/3/36/BN6Chip001.png [33m404 [0m0.432 ms - 14[0m
[0mGET /heartbeat [32m200 [0m0.463 ms - 2[0m
[0mGET /heartbeat [32m200 [0m0.358 ms - 2[0m
[0mGET /v1/login [32m200 [0m9.579 ms - 30[0m
[0mGET /v1/folders [32m200 [0m9.649 ms - 183[0m
[0mGET /v1/cards/5e00025204648c1e215f3a6b [32m200 [0m11.185 ms - 542[0m
[0mGET /v1/card-models/5e00025204648c1e215f3a6a [32m200 [0m11.316 ms - 520[0m
[0mGET https://vignette.wikia.nocookie.net/megaman/images/3/36/BN6Chip001.png [33m404 [0m0.422 ms - 14[0m
[0mGET /heartbeat [32m200 [0m0.630 ms - 2[0m
[0mGET /heartbeat [32m200 [0m0.365 ms - 2[0m
[0mGET /v1/login [32m200 [0m8.734 ms - 30[0m
[0mGET /v1/folders [32m200 [0m9.517 ms - 183[0m
[0mGET /v1/cards/5e00025204648c1e215f3a6b [32m200 [0m10.220 ms - 542[0m
[0mGET /v1/card-models/5e00025204648c1e215f3a6a [32m200 [0m13.147 ms - 520[0m
[0mGET https://vignette.wikia.nocookie.net/megaman/images/3/36/BN6Chip001.png [33m404 [0m0.433 ms - 14[0m
[0mGET /heartbeat [32m200 [0m0.596 ms - 2[0m
[0mGET /heartbeat [32m200 [0m0.352 ms - 2[0m
[0mGET /v1/login [32m200 [0m10.854 ms - 30[0m
[0mGET /v1/folders [32m200 [0m12.675 ms - 183[0m
[0mGET /v1/cards/5e00025204648c1e215f3a6b [32m200 [0m15.498 ms - 542[0m
[0mGET /v1/card-models/5e00025204648c1e215f3a6a [32m200 [0m9.960 ms - 520[0m
[0mGET https://vignette.wikia.nocookie.net/megaman/images/3/36/BN6Chip001.png [33m404 [0m0.550 ms - 14[0m
[0mGET /heartbeat [32m200 [0m0.384 ms - 2[0m
[0mGET /heartbeat [32m200 [0m0.346 ms - 2[0m
[0mGET /v1/login [32m200 [0m10.378 ms - 30[0m
[0mGET /v1/folders [32m200 [0m11.095 ms - 183[0m
[0mGET /v1/cards/5e00025204648c1e215f3a6b [32m200 [0m9.595 ms - 542[0m
[0mGET /v1/card-models/5e00025204648c1e215f3a6a [32m200 [0m10.342 ms - 520[0m
[0mGET https://vignette.wikia.nocookie.net/megaman/images/3/36/BN6Chip001.png [33m404 [0m0.464 ms - 14[0m
[0mGET /heartbeat [32m200 [0m0.461 ms - 2[0m
[0mGET /heartbeat [32m200 [0m0.394 ms - 2[0m
[0mGET /v1/login [32m200 [0m8.442 ms - 30[0m
[0mGET /v1/folders [32m200 [0m10.844 ms - 183[0m
[0mGET /v1/cards/5e00025204648c1e215f3a6b [32m200 [0m11.111 ms - 542[0m
[0mGET /v1/card-models/5e00025204648c1e215f3a6a [32m200 [0m9.983 ms - 520[0m
[0mGET https://vignette.wikia.nocookie.net/megaman/images/3/36/BN6Chip001.png [33m404 [0m0.465 ms - 14[0m
[0mGET /heartbeat [32m200 [0m0.447 ms - 2[0m
[0mGET /heartbeat [32m200 [0m0.384 ms - 2[0m
[0mGET /v1/login [32m200 [0m12.003 ms - 30[0m
[0mGET /v1/folders [32m200 [0m9.598 ms - 183[0m
[0mGET /v1/cards/5e00025204648c1e215f3a6b [32m200 [0m11.139 ms - 542[0m
[0mGET /v1/card-models/5e00025204648c1e215f3a6a [32m200 [0m9.782 ms - 520[0m
[0mGET https://vignette.wikia.nocookie.net/megaman/images/3/36/BN6Chip001.png [33m404 [0m0.402 ms - 14[0m
[0mGET /heartbeat [32m200 [0m0.476 ms - 2[0m
[0mGET /heartbeat [32m200 [0m0.569 ms - 2[0m
[0mGET /v1/login [32m200 [0m9.543 ms - 30[0m
[0mGET /v1/folders [32m200 [0m10.493 ms - 183[0m
[0mGET /v1/cards/5e00025204648c1e215f3a6b [32m200 [0m10.274 ms - 542[0m
[0mGET /v1/card-models/5e00025204648c1e215f3a6a [32m200 [0m10.478 ms - 520[0m
[0mGET https://vignette.wikia.nocookie.net/megaman/images/3/36/BN6Chip001.png [33m404 [0m0.607 ms - 14[0m
[0mGET /heartbeat [32m200 [0m0.452 ms - 2[0m
[0mGET /heartbeat [32m200 [0m0.384 ms - 2[0m
[0mGET /v1/login [32m200 [0m8.051 ms - 30[0m
[0mGET /v1/folders [32m200 [0m10.393 ms - 183[0m
[0mGET /v1/cards/5e00025204648c1e215f3a6b [32m200 [0m19.201 ms - 542[0m
[0mGET /v1/card-models/5e00025204648c1e215f3a6a [32m200 [0m11.106 ms - 520[0m
[0mGET https://vignette.wikia.nocookie.net/megaman/images/3/36/BN6Chip001.png [33m404 [0m0.409 ms - 14[0m
[0mGET /heartbeat [32m200 [0m0.399 ms - 2[0m
[0mGET /heartbeat [32m200 [0m0.468 ms - 2[0m
[0mGET /heartbeat [32m200 [0m0.393 ms - 2[0m
[0mGET /heartbeat [32m200 [0m0.448 ms - 2[0m
[0mGET /v1/login [32m200 [0m6.398 ms - 30[0m
[0mGET /v1/folders [32m200 [0m9.437 ms - 183[0m
[0mGET /v1/cards/5e00025204648c1e215f3a6b [32m200 [0m13.922 ms - 542[0m
[0mGET /v1/card-models/5e00025204648c1e215f3a6a [32m200 [0m10.061 ms - 520[0m
[0mGET https://vignette.wikia.nocookie.net/megaman/images/3/36/BN6Chip001.png [33m404 [0m0.494 ms - 14[0m
[0mGET /heartbeat [32m200 [0m0.472 ms - 2[0m
[0mGET /heartbeat [32m200 [0m0.431 ms - 2[0m
[0mGET /v1/login [32m200 [0m7.142 ms - 30[0m
[0mGET /v1/folders [32m200 [0m10.764 ms - 183[0m
[0mGET /v1/cards/5e00025204648c1e215f3a6b [32m200 [0m11.663 ms - 542[0m
[0mGET /v1/card-models/5e00025204648c1e215f3a6a [32m200 [0m13.900 ms - 520[0m
[0mGET https://vignette.wikia.nocookie.net/megaman/images/3/36/BN6Chip001.png [33m404 [0m0.339 ms - 14[0m
[0mGET /heartbeat [32m200 [0m0.408 ms - 2[0m
[0mGET /heartbeat [32m200 [0m0.389 ms - 2[0m
[0mGET /v1/login [32m200 [0m7.616 ms - 30[0m
[0mGET /v1/folders [32m200 [0m8.739 ms - 183[0m
[0mGET /v1/cards/5e00025204648c1e215f3a6b [32m200 [0m13.389 ms - 542[0m
[0mGET /v1/card-models/5e00025204648c1e215f3a6a [32m200 [0m10.501 ms - 520[0m
[0mGET https://vignette.wikia.nocookie.net/megaman/images/3/36/BN6Chip001.png [33m404 [0m0.431 ms - 14[0m
[0mGET /heartbeat [32m200 [0m0.588 ms - 2[0m
[0mGET /v1/logout [32m200 [0m0.406 ms - 31[0m
[0mGET /heartbeat [32m200 [0m0.325 ms - 2[0m
[0mGET /heartbeat [32m200 [0m0.589 ms - 2[0m
[0mGET /v1/login [32m200 [0m9.233 ms - 30[0m
[0mGET /v1/folders [32m200 [0m8.305 ms - 183[0m
[0mGET /v1/cards/5e00025204648c1e215f3a6b [32m200 [0m11.796 ms - 542[0m
[0mGET /v1/card-models/5e00025204648c1e215f3a6a [32m200 [0m9.408 ms - 520[0m
[0mGET https://vignette.wikia.nocookie.net/megaman/images/3/36/BN6Chip001.png [33m404 [0m0.686 ms - 14[0m
[0mGET /heartbeat [32m200 [0m0.376 ms - 2[0m
[0mGET /heartbeat [32m200 [0m0.299 ms - 2[0m
[0mGET /v1/login [32m200 [0m9.573 ms - 30[0m
[0mGET /v1/folders [32m200 [0m9.038 ms - 183[0m
[0mGET /v1/cards/5e00025204648c1e215f3a6b [32m200 [0m12.961 ms - 542[0m
[0mGET /v1/card-models/5e00025204648c1e215f3a6a [32m200 [0m12.053 ms - 520[0m
[0mGET https://vignette.wikia.nocookie.net/megaman/images/3/36/BN6Chip001.png [33m404 [0m0.412 ms - 14[0m
[0mGET /heartbeat [32m200 [0m0.533 ms - 2[0m
[0mGET /heartbeat [32m200 [0m0.425 ms - 2[0m
[0mGET /v1/login [32m200 [0m9.068 ms - 30[0m
[0mGET /v1/folders [32m200 [0m10.352 ms - 183[0m
[0mGET /v1/cards/5e00025204648c1e215f3a6b [32m200 [0m11.277 ms - 542[0m
[0mGET /v1/card-models/5e00025204648c1e215f3a6a [32m200 [0m10.448 ms - 520[0m
[0mGET https://vignette.wikia.nocookie.net/megaman/images/3/36/BN6Chip001.png [33m404 [0m0.655 ms - 14[0m
[0mGET /heartbeat [32m200 [0m0.442 ms - 2[0m
[0mGET /heartbeat [32m200 [0m0.313 ms - 2[0m
[0mGET /v1/login [32m200 [0m8.613 ms - 30[0m
[0mGET /v1/folders [32m200 [0m8.692 ms - 183[0m
[0mGET /v1/cards/5e00025204648c1e215f3a6b [32m200 [0m14.377 ms - 542[0m
[0mGET /v1/card-models/5e00025204648c1e215f3a6a [32m200 [0m10.490 ms - 520[0m
[0mGET https://vignette.wikia.nocookie.net/megaman/images/3/36/BN6Chip001.png [33m404 [0m0.493 ms - 14[0m
[0mGET /heartbeat [32m200 [0m0.441 ms - 2[0m
[0mGET /heartbeat [32m200 [0m0.445 ms - 2[0m
[0mGET /v1/login [32m200 [0m7.621 ms - 30[0m
[0mGET /v1/folders [32m200 [0m10.828 ms - 183[0m
[0mGET /v1/cards/5e00025204648c1e215f3a6b [32m200 [0m11.846 ms - 542[0m
[0mGET /v1/card-models/5e00025204648c1e215f3a6a [32m200 [0m9.741 ms - 520[0m
[0mGET https://vignette.wikia.nocookie.net/megaman/images/3/36/BN6Chip001.png [33m404 [0m0.475 ms - 14[0m
[0mGET /heartbeat [32m200 [0m0.402 ms - 2[0m
[0mGET /heartbeat [32m200 [0m0.446 ms - 2[0m
[0mGET /v1/login [32m200 [0m7.847 ms - 30[0m
[0mGET /v1/folders [32m200 [0m10.223 ms - 183[0m
[0mGET /v1/cards/5e00025204648c1e215f3a6b [32m200 [0m14.657 ms - 542[0m
[0mGET /v1/card-models/5e00025204648c1e215f3a6a [32m200 [0m13.446 ms - 520[0m
[0mGET /heartbeat [32m200 [0m0.390 ms - 2[0m
[0mGET /v1/login [32m200 [0m8.005 ms - 30[0m
[0mGET /v1/folders [32m200 [0m12.819 ms - 183[0m
[0mGET /heartbeat [32m200 [0m0.479 ms - 2[0m
[0mGET /heartbeat [32m200 [0m0.388 ms - 2[0m
[0mGET /v1/login [32m200 [0m7.638 ms - 30[0m
[0mGET /v1/folders [32m200 [0m11.357 ms - 183[0m
[0mGET /v1/cards/5e00025204648c1e215f3a6b [32m200 [0m10.987 ms - 542[0m
[0mGET /v1/card-models/5e00025204648c1e215f3a6a [32m200 [0m8.762 ms - 520[0m
[0mGET /heartbeat [32m200 [0m0.356 ms - 2[0m
[0mGET /heartbeat [32m200 [0m0.387 ms - 2[0m
[0mGET /v1/login [32m200 [0m10.343 ms - 30[0m
[0mGET /v1/folders [32m200 [0m9.056 ms - 183[0m
[0mGET /v1/cards/5e00025204648c1e215f3a6b [32m200 [0m22.075 ms - 542[0m
[0mGET /v1/card-models/5e00025204648c1e215f3a6a [32m200 [0m9.464 ms - 520[0m
[0mGET /heartbeat [32m200 [0m0.427 ms - 2[0m
[0mGET /heartbeat [32m200 [0m0.517 ms - 2[0m
[0mGET /v1/login [32m200 [0m9.178 ms - 30[0m
[0mGET /v1/folders [32m200 [0m10.209 ms - 183[0m
[0mGET /v1/cards/5e00025204648c1e215f3a6b [32m200 [0m11.630 ms - 542[0m
[0mGET /v1/card-models/5e00025204648c1e215f3a6a [32m200 [0m10.246 ms - 520[0m
[0mGET /heartbeat [32m200 [0m0.407 ms - 2[0m
[0mGET /heartbeat [32m200 [0m0.379 ms - 2[0m
[0mGET /v1/login [32m200 [0m9.208 ms - 30[0m
[0mGET /v1/folders [32m200 [0m9.759 ms - 183[0m
[0mGET /v1/cards/5e00025204648c1e215f3a6b [32m200 [0m11.150 ms - 542[0m
[0mGET /v1/card-models/5e00025204648c1e215f3a6a [32m200 [0m9.977 ms - 520[0m
[0mGET /heartbeat [32m200 [0m1.960 ms - 2[0m
[0mGET /heartbeat [32m200 [0m0.383 ms - 2[0m
[0mGET /v1/login [32m200 [0m7.801 ms - 30[0m
[0mGET /v1/folders [32m200 [0m12.568 ms - 183[0m
[0mGET /v1/cards/5e00025204648c1e215f3a6b [32m200 [0m9.340 ms - 542[0m
[0mGET /v1/card-models/5e00025204648c1e215f3a6a [32m200 [0m9.804 ms - 520[0m
[0mGET /heartbeat [32m200 [0m0.426 ms - 2[0m
[0mGET /heartbeat [32m200 [0m0.378 ms - 2[0m
[0mGET /v1/login [32m200 [0m7.628 ms - 30[0m
[0mGET /v1/folders [32m200 [0m11.591 ms - 183[0m
[0mGET /v1/cards/5e00025204648c1e215f3a6b [32m200 [0m19.619 ms - 542[0m
[0mGET /v1/card-models/5e00025204648c1e215f3a6a [32m200 [0m8.083 ms - 520[0m
[0mGET /heartbeat [32m200 [0m0.332 ms - 2[0m
[0mGET /heartbeat [32m200 [0m0.430 ms - 2[0m
[0mGET /v1/login [32m200 [0m8.632 ms - 30[0m
[0mGET /v1/folders [32m200 [0m9.333 ms - 183[0m
[0mGET /v1/cards/5e00025204648c1e215f3a6b [32m200 [0m10.205 ms - 542[0m
[0mGET /v1/card-models/5e00025204648c1e215f3a6a [32m200 [0m10.593 ms - 520[0m
[0mGET /heartbeat [32m200 [0m0.393 ms - 2[0m
[0mGET /heartbeat [32m200 [0m0.422 ms - 2[0m
[0mGET /v1/login [32m200 [0m9.625 ms - 30[0m
[0mGET /v1/folders [32m200 [0m10.949 ms - 183[0m
[0mGET /v1/cards/5e00025204648c1e215f3a6b [32m200 [0m9.683 ms - 542[0m
[0mGET /v1/card-models/5e00025204648c1e215f3a6a [32m200 [0m9.252 ms - 520[0m
[0mGET /heartbeat [32m200 [0m0.289 ms - 2[0m
[0mGET /heartbeat [32m200 [0m0.386 ms - 2[0m
[0mGET /v1/login [32m200 [0m8.286 ms - 30[0m
[0mGET /v1/folders [32m200 [0m11.558 ms - 183[0m
[0mGET /v1/cards/5e00025204648c1e215f3a6b [32m200 [0m19.414 ms - 542[0m
[0mGET /v1/card-models/5e00025204648c1e215f3a6a [32m200 [0m11.119 ms - 520[0m
[0mGET /heartbeat [32m200 [0m0.430 ms - 2[0m
[0mGET /heartbeat [32m200 [0m6.365 ms - 2[0m
[0mGET /v1/login [32m200 [0m10.093 ms - 30[0m
[0mGET /v1/folders [32m200 [0m9.213 ms - 183[0m
[0mGET /v1/cards/5e00025204648c1e215f3a6b [32m200 [0m12.711 ms - 542[0m
[0mGET /v1/card-models/5e00025204648c1e215f3a6a [32m200 [0m10.307 ms - 520[0m
[0mGET /heartbeat [32m200 [0m0.344 ms - 2[0m
[0mGET /heartbeat [32m200 [0m0.456 ms - 2[0m
[0mGET /v1/login [32m200 [0m9.851 ms - 30[0m
[0mGET /v1/folders [32m200 [0m9.729 ms - 183[0m
[0mGET /v1/cards/5e00025204648c1e215f3a6b [32m200 [0m11.460 ms - 542[0m
[0mGET /v1/card-models/5e00025204648c1e215f3a6a [32m200 [0m13.441 ms - 520[0m
[0mGET /heartbeat [32m200 [0m0.506 ms - 2[0m
[0mGET /heartbeat [32m200 [0m0.436 ms - 2[0m
[0mGET /v1/login [32m200 [0m10.204 ms - 30[0m
[0mGET /v1/folders [32m200 [0m10.335 ms - 183[0m
[0mGET /v1/cards/5e00025204648c1e215f3a6b [32m200 [0m13.132 ms - 542[0m
[0mGET /v1/card-models/5e00025204648c1e215f3a6a [32m200 [0m10.171 ms - 520[0m
[0mGET /heartbeat [32m200 [0m0.571 ms - 2[0m
[0mGET /heartbeat [32m200 [0m0.439 ms - 2[0m
[0mGET /heartbeat [32m200 [0m0.585 ms - 2[0m
[0mGET /v1/login [32m200 [0m8.559 ms - 30[0m
[0mGET /v1/folders [32m200 [0m9.131 ms - 183[0m
[0mGET /v1/cards/5e00025204648c1e215f3a6b [32m200 [0m9.388 ms - 542[0m
[0mGET /v1/card-models/5e00025204648c1e215f3a6a [32m200 [0m11.591 ms - 520[0m
[0mGET /heartbeat [32m200 [0m0.407 ms - 2[0m
[0mGET /heartbeat [32m200 [0m0.313 ms - 2[0m
[0mGET /v1/logout [32m200 [0m0.474 ms - 31[0m
[0mGET /heartbeat [32m200 [0m0.416 ms - 2[0m
[0mGET /heartbeat [32m200 [0m0.418 ms - 2[0m
[0mGET /v1/login [32m200 [0m9.009 ms - 30[0m
[0mGET /v1/folders [32m200 [0m10.466 ms - 183[0m
[0mGET /v1/cards/5e00025204648c1e215f3a6b [32m200 [0m11.290 ms - 542[0m
[0mGET /v1/card-models/5e00025204648c1e215f3a6a [32m200 [0m11.736 ms - 520[0m
[0mGET /heartbeat [32m200 [0m0.354 ms - 2[0m
[0mGET / [33m404 [0m0.618 ms - 14[0m
[0mGET / [33m404 [0m0.567 ms - 14[0m
[0mGET /favicon.ico [33m404 [0m0.422 ms - 14[0m
[0mGET / [33m404 [0m0.491 ms - 14[0m
[0mGET / [33m404 [0m0.393 ms - 14[0m
[0mGET / [33m404 [0m0.641 ms - 14[0m
[0mGET / [33m404 [0m0.475 ms - 14[0m
[0mGET / [33m404 [0m0.506 ms - 14[0m
[0mGET / [33m404 [0m0.493 ms - 14[0m
[0mGET / [33m404 [0m1.152 ms - 14[0m
[0mGET / [33m404 [0m0.532 ms - 14[0m
[0mGET / [33m404 [0m0.741 ms - 14[0m
[0mGET / [33m404 [0m0.591 ms - 14[0m
[0mGET /heartbeat [32m200 [0m0.543 ms - 2[0m
[0mGET /heartbeat [32m200 [0m0.344 ms - 2[0m
[0mGET /heartbeat [32m200 [0m0.395 ms - 2[0m
[0mGET /heartbeat [32m200 [0m0.428 ms - 2[0m
[0mGET / [33m404 [0m0.358 ms - 14[0m
[0mGET /v1/heartbeat [33m404 [0m0.508 ms - 14[0m
[0mGET /heartbeat [32m200 [0m0.401 ms - 2[0m
[0mGET /favicon.ico [33m404 [0m0.491 ms - 14[0m
[0mGET /v1/login [33m401 [0m0.297 ms - -[0m
[0mGET /v1/folders [33m401 [0m0.256 ms - -[0m
[0mGET /v1/folders [32m200 [0m33.284 ms - 183[0m
[0mGET /v1/chips/5e00025204648c1e215f3a6b [33m404 [0m0.926 ms - 14[0m
[0mGET /v1/chip/5e00025204648c1e215f3a6b [33m404 [0m0.605 ms - 14[0m
[0mGET /v1/cards/5e00025204648c1e215f3a6b [32m200 [0m4.273 ms - 542[0m
[0mGET /v1/logout [32m200 [0m1.963 ms - 31[0m
[0mGET /v1/cards/5e00025204648c1e215f3a6b [36m304 [0m12.620 ms - -[0m
[0mGET /v1/cards/5e00025204648c1e215f3a6b [36m304 [0m3.540 ms - -[0m
[0mGET /v1/logout [36m304 [0m0.818 ms - -[0m
[0mGET /heartbeat [32m200 [0m0.346 ms - 2[0m
[0mGET /v1/login [32m200 [0m10.284 ms - 30[0m
[0mGET /v1/folders [32m200 [0m13.551 ms - 183[0m
[0mGET /v1/cards/5e00025204648c1e215f3a6b [32m200 [0m11.190 ms - 542[0m
[0mGET /v1/card-models/5e00025204648c1e215f3a6a [32m200 [0m10.021 ms - 520[0m
[0mGET /heartbeat [32m200 [0m0.438 ms - 2[0m
[0mGET /heartbeat [32m200 [0m0.474 ms - 2[0m
[0mGET /heartbeat [32m200 [0m0.410 ms - 2[0m
[0mGET /heartbeat [32m200 [0m0.514 ms - 2[0m
[0mGET /heartbeat [32m200 [0m0.417 ms - 2[0m
[0mGET /heartbeat [32m200 [0m0.332 ms - 2[0m
[0mGET /heartbeat [32m200 [0m0.431 ms - 2[0m
[0mGET /heartbeat [32m200 [0m0.430 ms - 2[0m
[0mGET /v1/logout [32m200 [0m0.712 ms - 31[0m
[0mGET /heartbeat [32m200 [0m0.318 ms - 2[0m
[0mGET /heartbeat [32m200 [0m0.367 ms - 2[0m
[0mGET /heartbeat [32m200 [0m0.466 ms - 2[0m
[0mGET /v1/logout [32m200 [0m0.557 ms - 31[0m
[0mGET /heartbeat [32m200 [0m0.300 ms - 2[0m
[0mGET /v1/login [32m200 [0m10.896 ms - 30[0m
[0mGET /v1/folders [32m200 [0m11.150 ms - 183[0m
[0mGET /v1/cards/5e00025204648c1e215f3a6b [32m200 [0m10.050 ms - 542[0m
[0mGET /v1/card-models/5e00025204648c1e215f3a6a [32m200 [0m12.207 ms - 520[0m
[0mGET /heartbeat [32m200 [0m0.487 ms - 2[0m
[0mGET /heartbeat [32m200 [0m0.407 ms - 2[0m
[0mGET /heartbeat [32m200 [0m0.492 ms - 2[0m
[0mGET /heartbeat [32m200 [0m0.511 ms - 2[0m
[0mGET /heartbeat [32m200 [0m0.308 ms - 2[0m
[0mGET /heartbeat [32m200 [0m0.458 ms - 2[0m
[0mGET /heartbeat [32m200 [0m2.298 ms - 2[0m
[0mGET /heartbeat [32m200 [0m0.438 ms - 2[0m
[0mGET /heartbeat [32m200 [0m0.358 ms - 2[0m
[0mGET /v1/logout [32m200 [0m0.372 ms - 31[0m
[0mGET /heartbeat [32m200 [0m0.444 ms - 2[0m
[0mGET /heartbeat [32m200 [0m0.401 ms - 2[0m
[0mGET /heartbeat [32m200 [0m0.574 ms - 2[0m
[0mGET /v1/login [32m200 [0m7.790 ms - 30[0m
[0mGET /v1/folders [32m200 [0m10.712 ms - 183[0m
[0mGET /v1/cards/5e00025204648c1e215f3a6b [32m200 [0m9.753 ms - 542[0m
[0mGET /v1/card-models/5e00025204648c1e215f3a6a [32m200 [0m9.748 ms - 520[0m
[0mGET /heartbeat [32m200 [0m0.324 ms - 2[0m
[0mGET /heartbeat [32m200 [0m0.451 ms - 2[0m
[0mGET /heartbeat [32m200 [0m0.408 ms - 2[0m
[0mGET /heartbeat [32m200 [0m0.387 ms - 2[0m
[0mGET /heartbeat [32m200 [0m0.658 ms - 2[0m
[0mGET /heartbeat [32m200 [0m0.459 ms - 2[0m
[0mGET /v1/logout [32m200 [0m0.707 ms - 31[0m
[0mGET /heartbeat [32m200 [0m0.492 ms - 2[0m
[0mGET /heartbeat [32m200 [0m0.337 ms - 2[0m
[0mGET /v1/login [32m200 [0m8.473 ms - 30[0m
[0mGET /v1/folders [32m200 [0m11.109 ms - 183[0m
[0mGET /v1/cards/5e00025204648c1e215f3a6b [32m200 [0m10.207 ms - 542[0m
[0mGET /v1/card-models/5e00025204648c1e215f3a6a [32m200 [0m9.260 ms - 520[0m
[0mGET /heartbeat [32m200 [0m0.347 ms - 2[0m
[0mGET /heartbeat [32m200 [0m0.609 ms - 2[0m
[0mGET /heartbeat [32m200 [0m0.487 ms - 2[0m
[0mGET /heartbeat [32m200 [0m0.415 ms - 2[0m
[0mGET /heartbeat [32m200 [0m0.396 ms - 2[0m
[0mGET /heartbeat [32m200 [0m0.407 ms - 2[0m
[0mGET /heartbeat [32m200 [0m0.572 ms - 2[0m
[0mGET /heartbeat [32m200 [0m0.432 ms - 2[0m
[0mGET /heartbeat [32m200 [0m0.353 ms - 2[0m
[0mGET /v1/logout [32m200 [0m0.490 ms - 31[0m
[0mGET /heartbeat [32m200 [0m0.371 ms - 2[0m
[0mGET /heartbeat [32m200 [0m0.335 ms - 2[0m
[0mGET /v1/login [32m200 [0m10.032 ms - 30[0m
[0mGET /v1/folders [32m200 [0m10.832 ms - 183[0m
[0mGET /v1/cards/5e00025204648c1e215f3a6b [32m200 [0m13.063 ms - 542[0m
[0mGET /v1/card-models/5e00025204648c1e215f3a6a [32m200 [0m9.438 ms - 520[0m
[0mGET /heartbeat [32m200 [0m0.369 ms - 2[0m
[0mGET /heartbeat [32m200 [0m0.429 ms - 2[0m
[0mGET /heartbeat [32m200 [0m0.526 ms - 2[0m
[0mGET /heartbeat [32m200 [0m0.495 ms - 2[0m
[0mGET /heartbeat [32m200 [0m0.298 ms - 2[0m
[0mGET /heartbeat [32m200 [0m0.446 ms - 2[0m
[0mGET /heartbeat [32m200 [0m0.411 ms - 2[0m
[0mGET /heartbeat [32m200 [0m0.432 ms - 2[0m
[0mGET /v1/logout [32m200 [0m0.768 ms - 31[0m
[0mGET /heartbeat [32m200 [0m0.515 ms - 2[0m
[0mGET /heartbeat [32m200 [0m0.423 ms - 2[0m
[0mGET /heartbeat [32m200 [0m0.379 ms - 2[0m
[0mGET /v1/login [32m200 [0m11.279 ms - 30[0m
[0mGET /v1/folders [32m200 [0m11.900 ms - 183[0m
[0mGET /v1/cards/5e00025204648c1e215f3a6b [32m200 [0m14.076 ms - 542[0m
[0mGET /v1/card-models/5e00025204648c1e215f3a6a [32m200 [0m10.839 ms - 520[0m
[0mGET /heartbeat [32m200 [0m0.520 ms - 2[0m
[0mGET /heartbeat [32m200 [0m0.490 ms - 2[0m
[0mGET /heartbeat [32m200 [0m0.531 ms - 2[0m
[0mGET /heartbeat [32m200 [0m0.574 ms - 2[0m
[0mGET /heartbeat [32m200 [0m0.336 ms - 2[0m
[0mGET /heartbeat [32m200 [0m0.323 ms - 2[0m
[0mGET /heartbeat [32m200 [0m0.536 ms - 2[0m
[0mGET /v1/logout [32m200 [0m0.429 ms - 31[0m
[0mGET /heartbeat [32m200 [0m0.390 ms - 2[0m
[0mGET /heartbeat [32m200 [0m0.371 ms - 2[0m
[0mGET /heartbeat [32m200 [0m0.410 ms - 2[0m
[0mGET /heartbeat [32m200 [0m8.178 ms - 2[0m
[0mGET /heartbeat [32m200 [0m0.524 ms - 2[0m
[0mGET /heartbeat [32m200 [0m0.391 ms - 2[0m
[0mGET /v1/login [32m200 [0m26.967 ms - 30[0m
[0mGET /v1/folders [32m200 [0m8.946 ms - 183[0m
[0mGET /v1/cards/5e00025204648c1e215f3a6b [32m200 [0m12.050 ms - 542[0m
[0mGET /v1/card-models/5e00025204648c1e215f3a6a [32m200 [0m12.716 ms - 520[0m
[0mGET /heartbeat [32m200 [0m0.498 ms - 2[0m
[0mGET /heartbeat [32m200 [0m0.516 ms - 2[0m
[0mGET /heartbeat [32m200 [0m0.392 ms - 2[0m
[0mGET /heartbeat [32m200 [0m0.517 ms - 2[0m
[0mGET /heartbeat [32m200 [0m0.620 ms - 2[0m
[0mGET /heartbeat [32m200 [0m0.518 ms - 2[0m
[0mGET /heartbeat [32m200 [0m0.367 ms - 2[0m
[0mGET /v1/login [32m200 [0m8.039 ms - 30[0m
[0mGET /v1/folders [32m200 [0m14.722 ms - 183[0m
[0mGET /v1/cards/5e00025204648c1e215f3a6b [32m200 [0m11.538 ms - 542[0m
[0mGET /v1/card-models/5e00025204648c1e215f3a6a [32m200 [0m9.923 ms - 520[0m
[0mGET /heartbeat [32m200 [0m0.275 ms - 2[0m
[0mGET /heartbeat [32m200 [0m0.585 ms - 2[0m
[0mGET /heartbeat [32m200 [0m0.446 ms - 2[0m
[0mGET /heartbeat [32m200 [0m0.425 ms - 2[0m
[0mGET /heartbeat [32m200 [0m0.393 ms - 2[0m
[0mGET /heartbeat [32m200 [0m0.410 ms - 2[0m
[0mGET /heartbeat [32m200 [0m0.398 ms - 2[0m
[0mGET /heartbeat [32m200 [0m0.382 ms - 2[0m
[0mGET /heartbeat [32m200 [0m0.437 ms - 2[0m
[0mGET /heartbeat [32m200 [0m0.392 ms - 2[0m
[0mGET /v1/logout [32m200 [0m0.491 ms - 31[0m
[0mGET /heartbeat [32m200 [0m0.380 ms - 2[0m
[0mGET /heartbeat [32m200 [0m5.794 ms - 2[0m
[0mGET /heartbeat [32m200 [0m0.458 ms - 2[0m
[0mGET /heartbeat [32m200 [0m0.407 ms - 2[0m
[0mGET /heartbeat [32m200 [0m0.649 ms - 2[0m
[0mGET /heartbeat [32m200 [0m0.364 ms - 2[0m
[0mGET /v1/login [32m200 [0m12.959 ms - 30[0m
[0mGET /v1/folders [32m200 [0m12.806 ms - 183[0m
[0mGET /v1/cards/5e00025204648c1e215f3a6b [32m200 [0m14.302 ms - 542[0m
[0mGET /v1/card-models/5e00025204648c1e215f3a6a [32m200 [0m7.543 ms - 520[0m
[0mGET /heartbeat [32m200 [0m0.408 ms - 2[0m
[0mGET /heartbeat [32m200 [0m0.621 ms - 2[0m
[0mGET /heartbeat [32m200 [0m0.526 ms - 2[0m
[0mGET /heartbeat [32m200 [0m0.480 ms - 2[0m
[0mGET /heartbeat [32m200 [0m0.300 ms - 2[0m
[0mGET /heartbeat [32m200 [0m0.450 ms - 2[0m
[0mGET /heartbeat [32m200 [0m0.547 ms - 2[0m
[0mGET /heartbeat [32m200 [0m0.402 ms - 2[0m
[0mGET /heartbeat [32m200 [0m0.530 ms - 2[0m
[0mGET /heartbeat [32m200 [0m0.359 ms - 2[0m
[0mGET /heartbeat [32m200 [0m0.494 ms - 2[0m
[0mGET /v1/logout [32m200 [0m0.526 ms - 31[0m
[0mGET /heartbeat [32m200 [0m0.699 ms - 2[0m
[0mGET /heartbeat [32m200 [0m0.493 ms - 2[0m
[0mGET /heartbeat [32m200 [0m0.306 ms - 2[0m
[0mGET /heartbeat [32m200 [0m0.275 ms - 2[0m
[0mGET /heartbeat [32m200 [0m0.441 ms - 2[0m
[0mGET /heartbeat [32m200 [0m0.485 ms - 2[0m
[0mGET /heartbeat [32m200 [0m0.429 ms - 2[0m
[0mGET /heartbeat [32m200 [0m0.350 ms - 2[0m
[0mGET /heartbeat [32m200 [0m0.392 ms - 2[0m
[0mGET /heartbeat [32m200 [0m0.432 ms - 2[0m
[0mGET /heartbeat [32m200 [0m0.296 ms - 2[0m
[0mGET /heartbeat [32m200 [0m0.462 ms - 2[0m
[0mGET /heartbeat [32m200 [0m0.475 ms - 2[0m
[0mGET /v1/login [32m200 [0m9.392 ms - 30[0m
[0mGET /v1/folders [32m200 [0m11.493 ms - 183[0m
[0mGET /v1/cards/5e00025204648c1e215f3a6b [32m200 [0m10.986 ms - 542[0m
[0mGET /v1/card-models/5e00025204648c1e215f3a6a [32m200 [0m12.115 ms - 520[0m
[0mGET /heartbeat [32m200 [0m0.342 ms - 2[0m
[0mGET /heartbeat [32m200 [0m0.340 ms - 2[0m
[0mGET /heartbeat [32m200 [0m0.463 ms - 2[0m
[0mGET /heartbeat [32m200 [0m0.407 ms - 2[0m
[0mGET /v1/login [33m401 [0m2.765 ms - -[0m
[0mGET /heartbeat [32m200 [0m0.641 ms - 2[0m
[0mGET /v1/logout [32m200 [0m0.431 ms - 31[0m
[0mGET /heartbeat [32m200 [0m0.612 ms - 2[0m
[0mGET /v1/login [32m200 [0m10.884 ms - 30[0m
[0mGET /v1/folders [32m200 [0m13.045 ms - 183[0m
[0mGET /v1/cards/5e00025204648c1e215f3a6b [32m200 [0m11.171 ms - 542[0m
[0mGET /v1/card-models/5e00025204648c1e215f3a6a [32m200 [0m10.980 ms - 520[0m
[0mGET /heartbeat [32m200 [0m0.442 ms - 2[0m
[0mGET /v1/login [32m200 [0m11.763 ms - 30[0m
[0mGET /v1/folders [32m200 [0m12.939 ms - 183[0m
[0mGET /heartbeat [32m200 [0m0.516 ms - 2[0m
[0mGET /v1/logout [32m200 [0m0.503 ms - 31[0m
[0mGET /heartbeat [32m200 [0m0.406 ms - 2[0m
[0mGET /v1/login [32m200 [0m10.658 ms - 30[0m
[0mGET /v1/folders [32m200 [0m11.979 ms - 183[0m
[0mGET /v1/cards/5e00025204648c1e215f3a6b [32m200 [0m13.064 ms - 542[0m
[0mGET /v1/card-models/5e00025204648c1e215f3a6a [32m200 [0m11.537 ms - 520[0m
[0mGET /heartbeat [32m200 [0m0.415 ms - 2[0m
[0mGET /v1/logout [32m200 [0m0.472 ms - 31[0m
[0mGET /heartbeat [32m200 [0m0.337 ms - 2[0m
[0mGET /v1/login [33m401 [0m2.830 ms - -[0m
[0mGET /heartbeat [32m200 [0m0.501 ms - 2[0m
[0mGET /v1/login [33m401 [0m2.811 ms - -[0m
[0mGET /heartbeat [32m200 [0m0.459 ms - 2[0m
[0mGET /v1/login [32m200 [0m10.486 ms - 30[0m
[0mGET /v1/folders [32m200 [0m12.955 ms - 11[0m
[0mGET /heartbeat [32m200 [0m0.393 ms - 2[0m
[0mGET /heartbeat [32m200 [0m0.374 ms - 2[0m
[0mGET /heartbeat [32m200 [0m0.440 ms - 2[0m
[0mGET /heartbeat [32m200 [0m0.391 ms - 2[0m
[0mGET /heartbeat [32m200 [0m0.429 ms - 2[0m
[0mGET /heartbeat [32m200 [0m0.461 ms - 2[0m
[0mGET /v1/logout [32m200 [0m0.511 ms - 31[0m
[0mGET /heartbeat [32m200 [0m0.375 ms - 2[0m
[0mGET /v1/login [32m200 [0m8.381 ms - 30[0m
[0mGET /v1/login [36m304 [0m6.481 ms - -[0m
[0mGET /v1/folders [36m304 [0m12.498 ms - -[0m
[0mGET /v1/logout [36m304 [0m0.527 ms - -[0m
[0mGET /v1/login [33m401 [0m0.269 ms - -[0m
[0mGET /v1/login [32m200 [0m7.538 ms - 30[0m
[0mGET /v1/cards/ [32m200 [0m6.491 ms - 4833[0m
[0mGET /v1/logout [32m200 [0m0.473 ms - 31[0m
[0mGET /v1/folders [32m200 [0m11.378 ms - 183[0m
[0mGET /heartbeat [32m200 [0m0.442 ms - 2[0m
[0mGET /heartbeat [32m200 [0m0.287 ms - 2[0m
[0mGET /heartbeat [32m200 [0m0.281 ms - 2[0m
[0mGET /v1/login [32m200 [0m7.933 ms - 30[0m
[0mGET /v1/folders [32m200 [0m8.744 ms - 183[0m
[0mGET /v1/cards/5e00025204648c1e215f3a6b [32m200 [0m13.679 ms - 542[0m
[0mGET /v1/card-models/5e00025204648c1e215f3a6a [32m200 [0m10.301 ms - 520[0m
[0mGET /heartbeat [32m200 [0m0.362 ms - 2[0m
[0mGET /heartbeat [32m200 [0m0.282 ms - 2[0m
[0mGET /heartbeat [32m200 [0m0.326 ms - 2[0m
[0mGET /heartbeat [32m200 [0m0.489 ms - 2[0m
[0mGET /v1/cards/byModel/5e00025204648c1e215f3a6a [33m401 [0m0.499 ms - -[0m
[0mGET /v1/login [33m401 [0m0.286 ms - -[0m
[0mGET /v1/login [33m401 [0m0.293 ms - -[0m
[0mGET /v1/login [33m401 [0m0.296 ms - -[0m
[0mGET /v1/login [32m200 [0m7.933 ms - 30[0m
[0mGET /v1/login [32m200 [0m0.444 ms - 30[0m
[0mGET /v1/login [32m200 [0m0.374 ms - 30[0m
[0mGET /v1/login [32m200 [0m0.431 ms - 30[0m
[0mGET /v1/login [32m200 [0m0.270 ms - 30[0m
[0mGET /v1/logout [32m200 [0m0.348 ms - 31[0m
[0mGET /v1/logout [32m200 [0m0.477 ms - 31[0m
[0mGET /v1/logout [32m200 [0m0.321 ms - 31[0m
[0mGET /v1/login [33m401 [0m2.423 ms - -[0m
[0mGET /v1/login [32m200 [0m8.427 ms - 30[0m
[0mGET /heartbeat [32m200 [0m0.430 ms - 2[0m
[0mGET /heartbeat [32m200 [0m0.433 ms - 2[0m
[0mGET /heartbeat [32m200 [0m0.507 ms - 2[0m
[0mGET /heartbeat [32m200 [0m0.409 ms - 2[0m
[0mGET /heartbeat [32m200 [0m0.488 ms - 2[0m
[0mGET /heartbeat [32m200 [0m0.422 ms - 2[0m
[0mGET /v1/login [33m401 [0m3.082 ms - -[0m
[0mGET /heartbeat [32m200 [0m0.261 ms - 2[0m
[0mGET /heartbeat [32m200 [0m0.420 ms - 2[0m
[0mGET /v1/login [32m200 [0m8.307 ms - 30[0m
[0mGET /v1/folders [32m200 [0m13.253 ms - 183[0m
[0mGET /v1/cards/5e00025204648c1e215f3a6b [32m200 [0m17.009 ms - 542[0m
[0mGET /v1/card-models/5e00025204648c1e215f3a6a [32m200 [0m11.486 ms - 520[0m
[0mGET /heartbeat [32m200 [0m0.452 ms - 2[0m
[0mGET /heartbeat [32m200 [0m0.389 ms - 2[0m
[0mGET /heartbeat [32m200 [0m0.530 ms - 2[0m
[0mGET /heartbeat [32m200 [0m0.397 ms - 2[0m
[0mGET /heartbeat [32m200 [0m0.420 ms - 2[0m
[0mGET /heartbeat [32m200 [0m0.301 ms - 2[0m
[0mGET /heartbeat [32m200 [0m0.350 ms - 2[0m
[0mGET /v1/logout [32m200 [0m0.437 ms - 31[0m
[0mGET /heartbeat [32m200 [0m0.402 ms - 2[0m
[0mGET /heartbeat [32m200 [0m0.383 ms - 2[0m
[0mGET /v1/login [33m401 [0m2.897 ms - -[0m
[0mGET /heartbeat [32m200 [0m0.464 ms - 2[0m
[0mGET /v1/login [32m200 [0m12.013 ms - 30[0m
[0mGET /v1/folders [32m200 [0m11.877 ms - 183[0m
[0mGET /v1/cards/5e00025204648c1e215f3a6b [32m200 [0m13.526 ms - 542[0m
[0mGET /v1/card-models/5e00025204648c1e215f3a6a [32m200 [0m10.776 ms - 520[0m
[0mGET /heartbeat [32m200 [0m0.419 ms - 2[0m
[0mGET /heartbeat [32m200 [0m0.386 ms - 2[0m
[0mGET /heartbeat [32m200 [0m0.397 ms - 2[0m
[0mGET /heartbeat [32m200 [0m0.538 ms - 2[0m
[0mGET /heartbeat [32m200 [0m0.568 ms - 2[0m
[0mGET /heartbeat [32m200 [0m0.550 ms - 2[0m
[0mGET /heartbeat [32m200 [0m0.407 ms - 2[0m
[0mGET /heartbeat [32m200 [0m0.582 ms - 2[0m
[0mGET /v1/logout [32m200 [0m0.323 ms - 31[0m
[0mGET / [33m404 [0m0.488 ms - 14[0m
